android/app/build/intermediates/manifest_merge_blame_file/release/manifest-merger-blame-release-report.txt
1<?xml version="1.0" encoding="utf-8"?>
2<manifest xmlns:android="http://schemas.android.com/apk/res/android"
3    package="id.ac.upskilling.android"
4    android:versionCode="4005"
5    android:versionName="1.0.4" >
6
7    <uses-sdk
8        android:minSdkVersion="21"
8-->src\main\AndroidManifest.xml
9        android:targetSdkVersion="34" />
9-->src\main\AndroidManifest.xml
10
11    <uses-permission android:name="android.permission.INTERNET" />
11-->src\main\AndroidManifest.xml:5:5-66
11-->src\main\AndroidManifest.xml:5:22-64
12    <uses-permission
12-->src\main\AndroidManifest.xml:6:5-79
13        android:name="android.permission.READ_EXTERNAL_STORAGE"
13-->src\main\AndroidManifest.xml:6:22-77
14        android:maxSdkVersion="32" />
14-->[:file_picker] AndroidManifest.xml:11:9-35
15    <uses-permission android:name="android.permission.WRITE_EXTERNAL_STORAGE" />
15-->src\main\AndroidManifest.xml:7:5-80
15-->src\main\AndroidManifest.xml:7:22-78
16    <uses-permission android:name="android.permission.READ_MEDIA_IMAGES" />
16-->src\main\AndroidManifest.xml:8:5-75
16-->src\main\AndroidManifest.xml:8:22-73
17    <uses-permission android:name="android.permission.POST_NOTIFICATIONS" />
17-->[:awesome_notifications] AndroidManifest.xml:9:5-77
17-->[:awesome_notifications] AndroidManifest.xml:9:22-74
18    <uses-permission android:name="android.permission.BROADCAST_CLOSE_SYSTEM_DIALOGS" />
18-->[:awesome_notifications] AndroidManifest.xml:10:5-89
18-->[:awesome_notifications] AndroidManifest.xml:10:22-86
19    <uses-permission android:name="android.permission.RECEIVE_BOOT_COMPLETED" />
19-->[:awesome_notifications] AndroidManifest.xml:11:5-81
19-->[:awesome_notifications] AndroidManifest.xml:11:22-78
20    <uses-permission android:name="android.permission.VIBRATE" />
20-->[:awesome_notifications] AndroidManifest.xml:12:5-66
20-->[:awesome_notifications] AndroidManifest.xml:12:22-63
21
22    <queries>
22-->[:file_picker] AndroidManifest.xml:13:5-19:15
23        <intent>
23-->[:file_picker] AndroidManifest.xml:14:9-18:18
24            <action android:name="android.intent.action.GET_CONTENT" />
24-->[:file_picker] AndroidManifest.xml:15:13-72
24-->[:file_picker] AndroidManifest.xml:15:21-69
25
26            <data android:mimeType="*/*" />
26-->[:file_picker] AndroidManifest.xml:17:13-44
26-->[:file_picker] AndroidManifest.xml:17:19-41
27        </intent>
28        <intent>
28-->[:flutter_inappwebview_android] AndroidManifest.xml:10:9-12:18
29            <action android:name="android.support.customtabs.action.CustomTabsService" />
29-->[:flutter_inappwebview_android] AndroidManifest.xml:11:13-90
29-->[:flutter_inappwebview_android] AndroidManifest.xml:11:21-87
30        </intent> <!-- Added to check the default browser that will host the AuthFlow. -->
31        <intent>
31-->[com.stripe:financial-connections:20.48.5] AndroidManifest.xml:13:9-17:18
32            <action android:name="android.intent.action.VIEW" />
32-->[com.stripe:financial-connections:20.48.5] AndroidManifest.xml:14:13-65
32-->[com.stripe:financial-connections:20.48.5] AndroidManifest.xml:14:21-62
33
34            <data android:scheme="http" />
34-->[:file_picker] AndroidManifest.xml:17:13-44
35        </intent> <!-- Added to check if Chrome is installed for browser-based payment authentication (e.g. 3DS1). -->
36        <package android:name="com.android.chrome" />
36-->[com.stripe:payments-core:20.48.5] AndroidManifest.xml:11:9-54
36-->[com.stripe:payments-core:20.48.5] AndroidManifest.xml:11:18-51
37
38        <intent>
38-->[com.razorpay:standard-core:1.6.40] AndroidManifest.xml:11:9-17:18
39            <action android:name="android.intent.action.VIEW" />
39-->[com.stripe:financial-connections:20.48.5] AndroidManifest.xml:14:13-65
39-->[com.stripe:financial-connections:20.48.5] AndroidManifest.xml:14:21-62
40
41            <data
41-->[:file_picker] AndroidManifest.xml:17:13-44
42                android:mimeType="*/*"
42-->[:file_picker] AndroidManifest.xml:17:19-41
43                android:scheme="*" />
44        </intent>
45        <intent>
45-->[com.razorpay:standard-core:1.6.40] AndroidManifest.xml:18:9-27:18
46            <action android:name="android.intent.action.VIEW" />
46-->[com.stripe:financial-connections:20.48.5] AndroidManifest.xml:14:13-65
46-->[com.stripe:financial-connections:20.48.5] AndroidManifest.xml:14:21-62
47
48            <category android:name="android.intent.category.BROWSABLE" />
48-->[com.stripe:financial-connections:20.48.5] AndroidManifest.xml:29:17-78
48-->[com.stripe:financial-connections:20.48.5] AndroidManifest.xml:29:27-75
49
50            <data
50-->[:file_picker] AndroidManifest.xml:17:13-44
51                android:host="pay"
52                android:mimeType="*/*"
52-->[:file_picker] AndroidManifest.xml:17:19-41
53                android:scheme="upi" />
54        </intent>
55        <intent>
55-->[com.razorpay:standard-core:1.6.40] AndroidManifest.xml:28:9-30:18
56            <action android:name="android.intent.action.MAIN" />
56-->src\main\AndroidManifest.xml:36:17-68
56-->src\main\AndroidManifest.xml:36:25-66
57        </intent>
58        <intent>
58-->[com.razorpay:standard-core:1.6.40] AndroidManifest.xml:31:9-35:18
59            <action android:name="android.intent.action.SEND" />
59-->[com.razorpay:standard-core:1.6.40] AndroidManifest.xml:32:13-65
59-->[com.razorpay:standard-core:1.6.40] AndroidManifest.xml:32:21-62
60
61            <data android:mimeType="*/*" />
61-->[:file_picker] AndroidManifest.xml:17:13-44
61-->[:file_picker] AndroidManifest.xml:17:19-41
62        </intent>
63        <intent>
63-->[com.razorpay:standard-core:1.6.40] AndroidManifest.xml:36:9-38:18
64            <action android:name="rzp.device_token.share" />
64-->[com.razorpay:standard-core:1.6.40] AndroidManifest.xml:37:13-61
64-->[com.razorpay:standard-core:1.6.40] AndroidManifest.xml:37:21-58
65        </intent> <!-- Needs to be explicitly declared on Android R+ -->
66        <package android:name="com.google.android.apps.maps" />
66-->[com.google.android.gms:play-services-maps:18.0.2] AndroidManifest.xml:33:9-64
66-->[com.google.android.gms:play-services-maps:18.0.2] AndroidManifest.xml:33:18-61
67
68        <intent>
68-->[androidx.media2:media2-session:1.2.1] AndroidManifest.xml:25:9-27:18
69            <action android:name="android.media.browse.MediaBrowserService" />
69-->[androidx.media2:media2-session:1.2.1] AndroidManifest.xml:26:13-79
69-->[androidx.media2:media2-session:1.2.1] AndroidManifest.xml:26:21-76
70        </intent>
71        <intent>
71-->[androidx.media2:media2-session:1.2.1] AndroidManifest.xml:28:9-30:18
72            <action android:name="androidx.media2.session.MediaSessionService" />
72-->[androidx.media2:media2-session:1.2.1] AndroidManifest.xml:29:13-82
72-->[androidx.media2:media2-session:1.2.1] AndroidManifest.xml:29:21-79
73        </intent>
74        <intent>
74-->[androidx.media2:media2-session:1.2.1] AndroidManifest.xml:31:9-33:18
75            <action android:name="androidx.media2.session.MediaLibraryService" />
75-->[androidx.media2:media2-session:1.2.1] AndroidManifest.xml:32:13-82
75-->[androidx.media2:media2-session:1.2.1] AndroidManifest.xml:32:21-79
76        </intent>
77    </queries>
78
79    <uses-permission android:name="android.permission.WAKE_LOCK" />
79-->[:firebase_messaging] AndroidManifest.xml:10:5-68
79-->[:firebase_messaging] AndroidManifest.xml:10:22-65
80    <uses-permission android:name="android.permission.ACCESS_NETWORK_STATE" />
80-->[:firebase_messaging] AndroidManifest.xml:11:5-79
80-->[:firebase_messaging] AndroidManifest.xml:11:22-76
81    <uses-permission android:name="android.permission.READ_MEDIA_VIDEO" />
81-->[:open_filex] AndroidManifest.xml:14:5-75
81-->[:open_filex] AndroidManifest.xml:14:22-72
82    <uses-permission android:name="android.permission.READ_MEDIA_AUDIO" /> <!-- Required by older versions of Google Play services to create IID tokens -->
82-->[:open_filex] AndroidManifest.xml:15:5-75
82-->[:open_filex] AndroidManifest.xml:15:22-72
83    <uses-permission android:name="com.google.android.c2dm.permission.RECEIVE" />
83-->[com.google.firebase:firebase-messaging:23.3.1] AndroidManifest.xml:26:5-82
83-->[com.google.firebase:firebase-messaging:23.3.1] AndroidManifest.xml:26:22-79
84    <uses-permission
84-->[me.carda:AndroidAwnCore:0.9.3] AndroidManifest.xml:10:5-12:38
85        android:name="android.permission.BIND_NOTIFICATION_LISTENER_SERVICE"
85-->[me.carda:AndroidAwnCore:0.9.3] AndroidManifest.xml:11:9-77
86        android:maxSdkVersion="22" />
86-->[me.carda:AndroidAwnCore:0.9.3] AndroidManifest.xml:12:9-35
87
88    <uses-feature
88-->[com.google.android.gms:play-services-maps:18.0.2] AndroidManifest.xml:26:5-28:35
89        android:glEsVersion="0x00020000"
89-->[com.google.android.gms:play-services-maps:18.0.2] AndroidManifest.xml:27:9-41
90        android:required="true" />
90-->[com.google.android.gms:play-services-maps:18.0.2] AndroidManifest.xml:28:9-32
91
92    <permission
92-->[androidx.core:core:1.13.1] AndroidManifest.xml:22:5-24:47
93        android:name="id.ac.upskilling.android.DYNAMIC_RECEIVER_NOT_EXPORTED_PERMISSION"
93-->[androidx.core:core:1.13.1] AndroidManifest.xml:23:9-81
94        android:protectionLevel="signature" />
94-->[androidx.core:core:1.13.1] AndroidManifest.xml:24:9-44
95
96    <uses-permission android:name="id.ac.upskilling.android.DYNAMIC_RECEIVER_NOT_EXPORTED_PERMISSION" /> <!-- for android -->
96-->[androidx.core:core:1.13.1] AndroidManifest.xml:26:5-97
96-->[androidx.core:core:1.13.1] AndroidManifest.xml:26:22-94
97    <!-- <uses-permission android:name="com.android.launcher.permission.READ_SETTINGS"/> -->
98    <!-- <uses-permission android:name="com.android.launcher.permission.WRITE_SETTINGS"/> -->
99    <!-- <uses-permission android:name="com.android.launcher.permission.INSTALL_SHORTCUT" /> -->
100    <!-- <uses-permission android:name="com.android.launcher.permission.UNINSTALL_SHORTCUT" /> -->
101    <!-- for Samsung -->
102    <uses-permission android:name="com.sec.android.provider.badge.permission.READ" />
102-->[me.leolin:ShortcutBadger:1.1.22] AndroidManifest.xml:19:5-86
102-->[me.leolin:ShortcutBadger:1.1.22] AndroidManifest.xml:19:22-83
103    <uses-permission android:name="com.sec.android.provider.badge.permission.WRITE" /> <!-- for htc -->
103-->[me.leolin:ShortcutBadger:1.1.22] AndroidManifest.xml:20:5-87
103-->[me.leolin:ShortcutBadger:1.1.22] AndroidManifest.xml:20:22-84
104    <uses-permission android:name="com.htc.launcher.permission.READ_SETTINGS" />
104-->[me.leolin:ShortcutBadger:1.1.22] AndroidManifest.xml:23:5-81
104-->[me.leolin:ShortcutBadger:1.1.22] AndroidManifest.xml:23:22-78
105    <uses-permission android:name="com.htc.launcher.permission.UPDATE_SHORTCUT" /> <!-- for sony -->
105-->[me.leolin:ShortcutBadger:1.1.22] AndroidManifest.xml:24:5-83
105-->[me.leolin:ShortcutBadger:1.1.22] AndroidManifest.xml:24:22-80
106    <uses-permission android:name="com.sonyericsson.home.permission.BROADCAST_BADGE" />
106-->[me.leolin:ShortcutBadger:1.1.22] AndroidManifest.xml:27:5-88
106-->[me.leolin:ShortcutBadger:1.1.22] AndroidManifest.xml:27:22-85
107    <uses-permission android:name="com.sonymobile.home.permission.PROVIDER_INSERT_BADGE" /> <!-- for apex -->
107-->[me.leolin:ShortcutBadger:1.1.22] AndroidManifest.xml:28:5-92
107-->[me.leolin:ShortcutBadger:1.1.22] AndroidManifest.xml:28:22-89
108    <uses-permission android:name="com.anddoes.launcher.permission.UPDATE_COUNT" /> <!-- for solid -->
108-->[me.leolin:ShortcutBadger:1.1.22] AndroidManifest.xml:31:5-84
108-->[me.leolin:ShortcutBadger:1.1.22] AndroidManifest.xml:31:22-81
109    <uses-permission android:name="com.majeur.launcher.permission.UPDATE_BADGE" /> <!-- for huawei -->
109-->[me.leolin:ShortcutBadger:1.1.22] AndroidManifest.xml:34:5-83
109-->[me.leolin:ShortcutBadger:1.1.22] AndroidManifest.xml:34:22-80
110    <uses-permission android:name="com.huawei.android.launcher.permission.CHANGE_BADGE" />
110-->[me.leolin:ShortcutBadger:1.1.22] AndroidManifest.xml:37:5-91
110-->[me.leolin:ShortcutBadger:1.1.22] AndroidManifest.xml:37:22-88
111    <uses-permission android:name="com.huawei.android.launcher.permission.READ_SETTINGS" />
111-->[me.leolin:ShortcutBadger:1.1.22] AndroidManifest.xml:38:5-92
111-->[me.leolin:ShortcutBadger:1.1.22] AndroidManifest.xml:38:22-89
112    <uses-permission android:name="com.huawei.android.launcher.permission.WRITE_SETTINGS" /> <!-- for ZUK -->
112-->[me.leolin:ShortcutBadger:1.1.22] AndroidManifest.xml:39:5-93
112-->[me.leolin:ShortcutBadger:1.1.22] AndroidManifest.xml:39:22-90
113    <uses-permission android:name="android.permission.READ_APP_BADGE" /> <!-- for OPPO -->
113-->[me.leolin:ShortcutBadger:1.1.22] AndroidManifest.xml:42:5-73
113-->[me.leolin:ShortcutBadger:1.1.22] AndroidManifest.xml:42:22-70
114    <uses-permission android:name="com.oppo.launcher.permission.READ_SETTINGS" />
114-->[me.leolin:ShortcutBadger:1.1.22] AndroidManifest.xml:45:5-82
114-->[me.leolin:ShortcutBadger:1.1.22] AndroidManifest.xml:45:22-79
115    <uses-permission android:name="com.oppo.launcher.permission.WRITE_SETTINGS" /> <!-- for EvMe -->
115-->[me.leolin:ShortcutBadger:1.1.22] AndroidManifest.xml:46:5-83
115-->[me.leolin:ShortcutBadger:1.1.22] AndroidManifest.xml:46:22-80
116    <uses-permission android:name="me.everything.badger.permission.BADGE_COUNT_READ" />
116-->[me.leolin:ShortcutBadger:1.1.22] AndroidManifest.xml:49:5-88
116-->[me.leolin:ShortcutBadger:1.1.22] AndroidManifest.xml:49:22-85
117    <uses-permission android:name="me.everything.badger.permission.BADGE_COUNT_WRITE" />
117-->[me.leolin:ShortcutBadger:1.1.22] AndroidManifest.xml:50:5-89
117-->[me.leolin:ShortcutBadger:1.1.22] AndroidManifest.xml:50:22-86
118
119    <application
120        android:name="android.app.Application"
120-->src\main\AndroidManifest.xml:13:9-42
121        android:appComponentFactory="androidx.core.app.CoreComponentFactory"
121-->[androidx.core:core:1.13.1] AndroidManifest.xml:28:18-86
122        android:icon="@mipmap/ic_launcher"
122-->src\main\AndroidManifest.xml:14:9-43
123        android:label="eSchool Saas"
123-->src\main\AndroidManifest.xml:12:9-37
124        android:networkSecurityConfig="@xml/network_security_config"
124-->src\main\AndroidManifest.xml:16:9-69
125        android:requestLegacyExternalStorage="true"
125-->src\main\AndroidManifest.xml:17:9-52
126        android:usesCleartextTraffic="true" >
126-->src\main\AndroidManifest.xml:15:9-44
127        <activity
127-->src\main\AndroidManifest.xml:18:9-44:20
128            android:name="id.ac.upskilling.android.MainActivity"
128-->src\main\AndroidManifest.xml:19:13-41
129            android:configChanges="orientation|keyboardHidden|keyboard|screenSize|smallestScreenSize|locale|layoutDirection|fontScale|screenLayout|density|uiMode"
129-->src\main\AndroidManifest.xml:23:13-163
130            android:exported="true"
130-->src\main\AndroidManifest.xml:20:13-36
131            android:hardwareAccelerated="true"
131-->src\main\AndroidManifest.xml:24:13-47
132            android:launchMode="singleTop"
132-->src\main\AndroidManifest.xml:21:13-43
133            android:theme="@style/LaunchTheme"
133-->src\main\AndroidManifest.xml:22:13-47
134            android:windowSoftInputMode="adjustResize" >
134-->src\main\AndroidManifest.xml:25:13-55
135
136            <!--
137                 Specifies an Android theme to apply to this Activity as soon as
138                 the Android process has started. This theme is visible to the user
139                 while the Flutter UI initializes. After that, this theme continues
140                 to determine the Window background behind the Flutter UI.
141            -->
142            <meta-data
142-->src\main\AndroidManifest.xml:30:13-33:17
143                android:name="io.flutter.embedding.android.NormalTheme"
143-->src\main\AndroidManifest.xml:31:15-70
144                android:resource="@style/NormalTheme" />
144-->src\main\AndroidManifest.xml:32:15-52
145
146            <intent-filter>
146-->src\main\AndroidManifest.xml:35:13-38:29
147                <action android:name="android.intent.action.MAIN" />
147-->src\main\AndroidManifest.xml:36:17-68
147-->src\main\AndroidManifest.xml:36:25-66
148
149                <category android:name="android.intent.category.LAUNCHER" />
149-->src\main\AndroidManifest.xml:37:17-76
149-->src\main\AndroidManifest.xml:37:27-74
150            </intent-filter>
151            <intent-filter>
151-->src\main\AndroidManifest.xml:40:13-43:29
152                <action android:name="FLUTTER_NOTIFICATION_CLICK" />
152-->src\main\AndroidManifest.xml:41:17-69
152-->src\main\AndroidManifest.xml:41:25-66
153
154                <category android:name="android.intent.category.DEFAULT" />
154-->src\main\AndroidManifest.xml:42:17-76
154-->src\main\AndroidManifest.xml:42:27-73
155            </intent-filter>
156        </activity>
157        <!--
158             Don't delete the meta-data below.
159             This is used by the Flutter tool to generate GeneratedPluginRegistrant.java
160        -->
161        <meta-data
161-->src\main\AndroidManifest.xml:47:9-49:33
162            android:name="flutterEmbedding"
162-->src\main\AndroidManifest.xml:48:13-44
163            android:value="2" />
163-->src\main\AndroidManifest.xml:49:13-30
164
165        <receiver
165-->[:awesome_notifications] AndroidManifest.xml:15:9-17:39
166            android:name="me.carda.awesome_notifications.DartNotificationActionReceiver"
166-->[:awesome_notifications] AndroidManifest.xml:16:13-89
167            android:exported="true" />
167-->[:awesome_notifications] AndroidManifest.xml:17:13-36
168        <receiver
168-->[:awesome_notifications] AndroidManifest.xml:18:9-20:39
169            android:name="me.carda.awesome_notifications.DartDismissedNotificationReceiver"
169-->[:awesome_notifications] AndroidManifest.xml:19:13-92
170            android:exported="true" />
170-->[:awesome_notifications] AndroidManifest.xml:20:13-36
171        <receiver
171-->[:awesome_notifications] AndroidManifest.xml:21:9-23:39
172            android:name="me.carda.awesome_notifications.DartScheduledNotificationReceiver"
172-->[:awesome_notifications] AndroidManifest.xml:22:13-92
173            android:exported="true" />
173-->[:awesome_notifications] AndroidManifest.xml:23:13-36
174        <receiver
174-->[:awesome_notifications] AndroidManifest.xml:24:9-38:20
175            android:name="me.carda.awesome_notifications.DartRefreshSchedulesReceiver"
175-->[:awesome_notifications] AndroidManifest.xml:25:13-87
176            android:enabled="true"
176-->[:awesome_notifications] AndroidManifest.xml:26:13-35
177            android:exported="true" >
177-->[:awesome_notifications] AndroidManifest.xml:27:13-36
178            <intent-filter>
178-->[:awesome_notifications] AndroidManifest.xml:28:13-37:29
179                <category android:name="android.intent.category.DEFAULT" />
179-->src\main\AndroidManifest.xml:42:17-76
179-->src\main\AndroidManifest.xml:42:27-73
180
181                <action android:name="android.intent.action.BOOT_COMPLETED" />
181-->[:awesome_notifications] AndroidManifest.xml:31:17-79
181-->[:awesome_notifications] AndroidManifest.xml:31:25-76
182                <action android:name="android.intent.action.LOCKED_BOOT_COMPLETED" />
182-->[:awesome_notifications] AndroidManifest.xml:32:17-86
182-->[:awesome_notifications] AndroidManifest.xml:32:25-83
183                <action android:name="android.intent.action.MY_PACKAGE_REPLACED" />
183-->[:awesome_notifications] AndroidManifest.xml:33:17-84
183-->[:awesome_notifications] AndroidManifest.xml:33:25-81
184                <action android:name="android.intent.action.QUICKBOOT_POWERON" />
184-->[:awesome_notifications] AndroidManifest.xml:34:17-82
184-->[:awesome_notifications] AndroidManifest.xml:34:25-79
185                <action android:name="com.htc.intent.action.QUICKBOOT_POWERON" />
185-->[:awesome_notifications] AndroidManifest.xml:35:17-82
185-->[:awesome_notifications] AndroidManifest.xml:35:25-79
186                <action android:name="android.app.action.SCHEDULE_EXACT_ALARM_PERMISSION_STATE_CHANGED" />
186-->[:awesome_notifications] AndroidManifest.xml:36:17-107
186-->[:awesome_notifications] AndroidManifest.xml:36:25-104
187            </intent-filter>
188        </receiver>
189
190        <service
190-->[:awesome_notifications] AndroidManifest.xml:40:9-43:72
191            android:name="me.carda.awesome_notifications.DartBackgroundService"
191-->[:awesome_notifications] AndroidManifest.xml:41:13-80
192            android:exported="false"
192-->[:awesome_notifications] AndroidManifest.xml:42:13-37
193            android:permission="android.permission.BIND_JOB_SERVICE" />
193-->[:awesome_notifications] AndroidManifest.xml:43:13-69
194        <service
194-->[:awesome_notifications] AndroidManifest.xml:44:9-49:43
195            android:name="me.carda.awesome_notifications.core.services.ForegroundService"
195-->[:awesome_notifications] AndroidManifest.xml:45:13-90
196            android:enabled="true"
196-->[:awesome_notifications] AndroidManifest.xml:46:13-35
197            android:exported="false"
197-->[:awesome_notifications] AndroidManifest.xml:47:13-37
198            android:foregroundServiceType="phoneCall"
198-->[:awesome_notifications] AndroidManifest.xml:48:13-54
199            android:stopWithTask="true" />
199-->[:awesome_notifications] AndroidManifest.xml:49:13-40
200        <service
200-->[:firebase_messaging] AndroidManifest.xml:16:9-19:72
201            android:name="io.flutter.plugins.firebase.messaging.FlutterFirebaseMessagingBackgroundService"
201-->[:firebase_messaging] AndroidManifest.xml:17:13-107
202            android:exported="false"
202-->[:firebase_messaging] AndroidManifest.xml:18:13-37
203            android:permission="android.permission.BIND_JOB_SERVICE" />
203-->[:firebase_messaging] AndroidManifest.xml:19:13-69
204        <service
204-->[:firebase_messaging] AndroidManifest.xml:20:9-26:19
205            android:name="io.flutter.plugins.firebase.messaging.FlutterFirebaseMessagingService"
205-->[:firebase_messaging] AndroidManifest.xml:21:13-97
206            android:exported="false" >
206-->[:firebase_messaging] AndroidManifest.xml:22:13-37
207            <intent-filter>
207-->[:firebase_messaging] AndroidManifest.xml:23:13-25:29
208                <action android:name="com.google.firebase.MESSAGING_EVENT" />
208-->[:firebase_messaging] AndroidManifest.xml:24:17-78
208-->[:firebase_messaging] AndroidManifest.xml:24:25-75
209            </intent-filter>
210        </service>
211
212        <receiver
212-->[:firebase_messaging] AndroidManifest.xml:28:9-35:20
213            android:name="io.flutter.plugins.firebase.messaging.FlutterFirebaseMessagingReceiver"
213-->[:firebase_messaging] AndroidManifest.xml:29:13-98
214            android:exported="true"
214-->[:firebase_messaging] AndroidManifest.xml:30:13-36
215            android:permission="com.google.android.c2dm.permission.SEND" >
215-->[:firebase_messaging] AndroidManifest.xml:31:13-73
216            <intent-filter>
216-->[:firebase_messaging] AndroidManifest.xml:32:13-34:29
217                <action android:name="com.google.android.c2dm.intent.RECEIVE" />
217-->[:firebase_messaging] AndroidManifest.xml:33:17-81
217-->[:firebase_messaging] AndroidManifest.xml:33:25-78
218            </intent-filter>
219        </receiver>
220
221        <service
221-->[:firebase_messaging] AndroidManifest.xml:37:9-41:19
222            android:name="com.google.firebase.components.ComponentDiscoveryService"
222-->[:firebase_messaging] AndroidManifest.xml:37:18-89
223            android:directBootAware="true"
223-->[com.google.firebase:firebase-common:20.4.2] AndroidManifest.xml:32:13-43
224            android:exported="false" >
224-->[com.google.firebase:firebase-messaging:23.3.1] AndroidManifest.xml:56:13-37
225            <meta-data
225-->[:firebase_messaging] AndroidManifest.xml:38:13-40:85
226                android:name="com.google.firebase.components:io.flutter.plugins.firebase.messaging.FlutterFirebaseAppRegistrar"
226-->[:firebase_messaging] AndroidManifest.xml:39:17-128
227                android:value="com.google.firebase.components.ComponentRegistrar" />
227-->[:firebase_messaging] AndroidManifest.xml:40:17-82
228            <meta-data
228-->[:firebase_core] AndroidManifest.xml:11:13-13:85
229                android:name="com.google.firebase.components:io.flutter.plugins.firebase.core.FlutterFirebaseCoreRegistrar"
229-->[:firebase_core] AndroidManifest.xml:12:17-124
230                android:value="com.google.firebase.components.ComponentRegistrar" />
230-->[:firebase_core] AndroidManifest.xml:13:17-82
231            <meta-data
231-->[com.google.firebase:firebase-messaging:23.3.1] AndroidManifest.xml:57:13-59:85
232                android:name="com.google.firebase.components:com.google.firebase.messaging.FirebaseMessagingKtxRegistrar"
232-->[com.google.firebase:firebase-messaging:23.3.1] AndroidManifest.xml:58:17-122
233                android:value="com.google.firebase.components.ComponentRegistrar" />
233-->[com.google.firebase:firebase-messaging:23.3.1] AndroidManifest.xml:59:17-82
234            <meta-data
234-->[com.google.firebase:firebase-messaging:23.3.1] AndroidManifest.xml:60:13-62:85
235                android:name="com.google.firebase.components:com.google.firebase.messaging.FirebaseMessagingRegistrar"
235-->[com.google.firebase:firebase-messaging:23.3.1] AndroidManifest.xml:61:17-119
236                android:value="com.google.firebase.components.ComponentRegistrar" />
236-->[com.google.firebase:firebase-messaging:23.3.1] AndroidManifest.xml:62:17-82
237            <meta-data
237-->[com.google.firebase:firebase-iid:21.1.0] AndroidManifest.xml:32:13-34:85
238                android:name="com.google.firebase.components:com.google.firebase.iid.Registrar"
238-->[com.google.firebase:firebase-iid:21.1.0] AndroidManifest.xml:33:17-96
239                android:value="com.google.firebase.components.ComponentRegistrar" />
239-->[com.google.firebase:firebase-iid:21.1.0] AndroidManifest.xml:34:17-82
240            <meta-data
240-->[com.google.firebase:firebase-installations:17.2.0] AndroidManifest.xml:15:13-17:85
241                android:name="com.google.firebase.components:com.google.firebase.installations.FirebaseInstallationsKtxRegistrar"
241-->[com.google.firebase:firebase-installations:17.2.0] AndroidManifest.xml:16:17-130
242                android:value="com.google.firebase.components.ComponentRegistrar" />
242-->[com.google.firebase:firebase-installations:17.2.0] AndroidManifest.xml:17:17-82
243            <meta-data
243-->[com.google.firebase:firebase-installations:17.2.0] AndroidManifest.xml:18:13-20:85
244                android:name="com.google.firebase.components:com.google.firebase.installations.FirebaseInstallationsRegistrar"
244-->[com.google.firebase:firebase-installations:17.2.0] AndroidManifest.xml:19:17-127
245                android:value="com.google.firebase.components.ComponentRegistrar" />
245-->[com.google.firebase:firebase-installations:17.2.0] AndroidManifest.xml:20:17-82
246            <meta-data
246-->[com.google.firebase:firebase-common-ktx:20.4.2] AndroidManifest.xml:12:13-14:85
247                android:name="com.google.firebase.components:com.google.firebase.ktx.FirebaseCommonLegacyRegistrar"
247-->[com.google.firebase:firebase-common-ktx:20.4.2] AndroidManifest.xml:13:17-116
248                android:value="com.google.firebase.components.ComponentRegistrar" />
248-->[com.google.firebase:firebase-common-ktx:20.4.2] AndroidManifest.xml:14:17-82
249            <meta-data
249-->[com.google.firebase:firebase-common:20.4.2] AndroidManifest.xml:35:13-37:85
250                android:name="com.google.firebase.components:com.google.firebase.FirebaseCommonKtxRegistrar"
250-->[com.google.firebase:firebase-common:20.4.2] AndroidManifest.xml:36:17-109
251                android:value="com.google.firebase.components.ComponentRegistrar" />
251-->[com.google.firebase:firebase-common:20.4.2] AndroidManifest.xml:37:17-82
252            <meta-data
252-->[com.google.firebase:firebase-datatransport:18.1.7] AndroidManifest.xml:27:13-29:85
253                android:name="com.google.firebase.components:com.google.firebase.datatransport.TransportRegistrar"
253-->[com.google.firebase:firebase-datatransport:18.1.7] AndroidManifest.xml:28:17-115
254                android:value="com.google.firebase.components.ComponentRegistrar" />
254-->[com.google.firebase:firebase-datatransport:18.1.7] AndroidManifest.xml:29:17-82
255        </service>
256
257        <provider
257-->[:firebase_messaging] AndroidManifest.xml:43:9-47:38
258            android:name="io.flutter.plugins.firebase.messaging.FlutterFirebaseMessagingInitProvider"
258-->[:firebase_messaging] AndroidManifest.xml:44:13-102
259            android:authorities="id.ac.upskilling.android.flutterfirebasemessaginginitprovider"
259-->[:firebase_messaging] AndroidManifest.xml:45:13-88
260            android:exported="false"
260-->[:firebase_messaging] AndroidManifest.xml:46:13-37
261            android:initOrder="99" />
261-->[:firebase_messaging] AndroidManifest.xml:47:13-35
262
263        <activity
263-->[:flutter_inappwebview_android] AndroidManifest.xml:16:9-20:47
264            android:name="com.pichillilorenzo.flutter_inappwebview_android.in_app_browser.InAppBrowserActivity"
264-->[:flutter_inappwebview_android] AndroidManifest.xml:17:13-112
265            android:configChanges="orientation|keyboardHidden|keyboard|screenSize|locale|layoutDirection|fontScale|screenLayout|density"
265-->[:flutter_inappwebview_android] AndroidManifest.xml:18:13-137
266            android:exported="false"
266-->[:flutter_inappwebview_android] AndroidManifest.xml:19:13-37
267            android:theme="@style/AppTheme" />